<?xml version="1.0" encoding="UTF-8"?>
<!-- Generated by org.testng.reporters.JUnitReportReporter -->
<testsuite hostname="DESKTOP-E1CQ62C" failures="0" tests="15" name="runner.TestRunner" time="10.264" errors="0" timestamp="2022-08-17T11:15:34 IST" skipped="0">
  <testcase classname="runner.TestRunner" name="runScenario" time="0.387"/>
  <system-out/>
  <testcase classname="runner.TestRunner" name="runScenario" time="0.403"/>
  <system-out/>
  <testcase classname="runner.TestRunner" name="runScenario" time="0.244"/>
  <system-out/>
  <testcase classname="runner.TestRunner" name="runScenario" time="0.462"/>
  <system-out/>
  <testcase classname="runner.TestRunner" name="runScenario" time="0.379"/>
  <system-out/>
  <testcase classname="runner.TestRunner" name="runScenario" time="0.437"/>
  <system-out/>
  <testcase classname="runner.TestRunner" name="runScenario" time="0.378"/>
  <system-out/>
  <testcase classname="runner.TestRunner" name="runScenario" time="0.436"/>
  <system-out/>
  <testcase classname="runner.TestRunner" name="runScenario" time="0.258"/>
  <system-out/>
  <testcase classname="runner.TestRunner" name="runScenario" time="1.326"/>
  <system-out/>
  <testcase classname="runner.TestRunner" name="runScenario" time="4.240"/>
  <system-out/>
  <testcase classname="runner.TestRunner" name="runScenario" time="0.226"/>
  <system-out/>
  <testcase classname="runner.TestRunner" name="runScenario" time="0.424"/>
  <system-out/>
  <testcase classname="runner.TestRunner" name="runScenario" time="0.253"/>
  <system-out/>
  <testcase classname="runner.TestRunner" name="runScenario" time="0.411"/>
  <system-out/>
</testsuite> <!-- runner.TestRunner -->
